<?xml version="1.0" encoding="UTF-8"?>
<testng-results skipped="0" failed="0" total="23" passed="23">
  <reporter-output>
  </reporter-output>
  <suite name="Command line suite" duration-ms="1299" started-at="2018-03-29T10:47:15Z" finished-at="2018-03-29T10:47:16Z">
    <groups>
    </groups>
    <test name="Command line test" duration-ms="1299" started-at="2018-03-29T10:47:15Z" finished-at="2018-03-29T10:47:16Z">
      <class name="com.websystique.springmvc.controller.AppControllerTest">
        <test-method status="PASS" signature="setUp()[pri:0, instance:com.websystique.springmvc.controller.AppControllerTest@184f6be2]" name="setUp" is-config="true" duration-ms="163" started-at="2018-03-29T11:47:15Z" finished-at="2018-03-29T11:47:15Z">
          <reporter-output>
          </reporter-output>
        </test-method> <!-- setUp -->
        <test-method status="PASS" signature="deleteEmployee()[pri:0, instance:com.websystique.springmvc.controller.AppControllerTest@184f6be2]" name="deleteEmployee" duration-ms="6" started-at="2018-03-29T11:47:15Z" finished-at="2018-03-29T11:47:15Z">
          <reporter-output>
          </reporter-output>
        </test-method> <!-- deleteEmployee -->
        <test-method status="PASS" signature="editEmployee()[pri:0, instance:com.websystique.springmvc.controller.AppControllerTest@184f6be2]" name="editEmployee" duration-ms="12" started-at="2018-03-29T11:47:15Z" finished-at="2018-03-29T11:47:15Z">
          <reporter-output>
          </reporter-output>
        </test-method> <!-- editEmployee -->
        <test-method status="PASS" signature="listEmployees()[pri:0, instance:com.websystique.springmvc.controller.AppControllerTest@184f6be2]" name="listEmployees" duration-ms="4" started-at="2018-03-29T11:47:15Z" finished-at="2018-03-29T11:47:15Z">
          <reporter-output>
          </reporter-output>
        </test-method> <!-- listEmployees -->
        <test-method status="PASS" signature="newEmployee()[pri:0, instance:com.websystique.springmvc.controller.AppControllerTest@184f6be2]" name="newEmployee" duration-ms="0" started-at="2018-03-29T11:47:15Z" finished-at="2018-03-29T11:47:15Z">
          <reporter-output>
          </reporter-output>
        </test-method> <!-- newEmployee -->
        <test-method status="PASS" signature="saveEmployeeWithSuccess()[pri:0, instance:com.websystique.springmvc.controller.AppControllerTest@184f6be2]" name="saveEmployeeWithSuccess" duration-ms="0" started-at="2018-03-29T11:47:15Z" finished-at="2018-03-29T11:47:15Z">
          <reporter-output>
          </reporter-output>
        </test-method> <!-- saveEmployeeWithSuccess -->
        <test-method status="PASS" signature="saveEmployeeWithValidationErrorNonUniqueSSN()[pri:0, instance:com.websystique.springmvc.controller.AppControllerTest@184f6be2]" name="saveEmployeeWithValidationErrorNonUniqueSSN" duration-ms="1" started-at="2018-03-29T11:47:15Z" finished-at="2018-03-29T11:47:15Z">
          <reporter-output>
          </reporter-output>
        </test-method> <!-- saveEmployeeWithValidationErrorNonUniqueSSN -->
        <test-method status="PASS" signature="saveEmployeeWithValidationError()[pri:0, instance:com.websystique.springmvc.controller.AppControllerTest@184f6be2]" name="saveEmployeeWithValidationError" duration-ms="0" started-at="2018-03-29T11:47:15Z" finished-at="2018-03-29T11:47:15Z">
          <reporter-output>
          </reporter-output>
        </test-method> <!-- saveEmployeeWithValidationError -->
        <test-method status="PASS" signature="updateEmployeeWithSuccess()[pri:0, instance:com.websystique.springmvc.controller.AppControllerTest@184f6be2]" name="updateEmployeeWithSuccess" duration-ms="1" started-at="2018-03-29T11:47:15Z" finished-at="2018-03-29T11:47:15Z">
          <reporter-output>
          </reporter-output>
        </test-method> <!-- updateEmployeeWithSuccess -->
        <test-method status="PASS" signature="updateEmployeeWithValidationError()[pri:0, instance:com.websystique.springmvc.controller.AppControllerTest@184f6be2]" name="updateEmployeeWithValidationError" duration-ms="0" started-at="2018-03-29T11:47:15Z" finished-at="2018-03-29T11:47:15Z">
          <reporter-output>
          </reporter-output>
        </test-method> <!-- updateEmployeeWithValidationError -->
        <test-method status="PASS" signature="updateEmployeeWithValidationErrorNonUniqueSSN()[pri:0, instance:com.websystique.springmvc.controller.AppControllerTest@184f6be2]" name="updateEmployeeWithValidationErrorNonUniqueSSN" duration-ms="0" started-at="2018-03-29T11:47:15Z" finished-at="2018-03-29T11:47:15Z">
          <reporter-output>
          </reporter-output>
        </test-method> <!-- updateEmployeeWithValidationErrorNonUniqueSSN -->
      </class> <!-- com.websystique.springmvc.controller.AppControllerTest -->
      <class name="com.websystique.springmvc.service.EmployeeServiceImplTest">
        <test-method status="PASS" signature="setUp()[pri:0, instance:com.websystique.springmvc.service.EmployeeServiceImplTest@6895a785]" name="setUp" is-config="true" duration-ms="4" started-at="2018-03-29T11:47:16Z" finished-at="2018-03-29T11:47:16Z">
          <reporter-output>
          </reporter-output>
        </test-method> <!-- setUp -->
        <test-method status="PASS" signature="findAllEmployees()[pri:0, instance:com.websystique.springmvc.service.EmployeeServiceImplTest@6895a785]" name="findAllEmployees" duration-ms="0" started-at="2018-03-29T11:47:16Z" finished-at="2018-03-29T11:47:16Z">
          <reporter-output>
          </reporter-output>
        </test-method> <!-- findAllEmployees -->
        <test-method status="PASS" signature="deleteEmployeeBySsn()[pri:0, instance:com.websystique.springmvc.service.EmployeeServiceImplTest@6895a785]" name="deleteEmployeeBySsn" duration-ms="0" started-at="2018-03-29T11:47:16Z" finished-at="2018-03-29T11:47:16Z">
          <reporter-output>
          </reporter-output>
        </test-method> <!-- deleteEmployeeBySsn -->
        <test-method status="PASS" signature="findById()[pri:0, instance:com.websystique.springmvc.service.EmployeeServiceImplTest@6895a785]" name="findById" duration-ms="1" started-at="2018-03-29T11:47:16Z" finished-at="2018-03-29T11:47:16Z">
          <reporter-output>
          </reporter-output>
        </test-method> <!-- findById -->
        <test-method status="PASS" signature="isEmployeeSsnUnique()[pri:0, instance:com.websystique.springmvc.service.EmployeeServiceImplTest@6895a785]" name="isEmployeeSsnUnique" duration-ms="0" started-at="2018-03-29T11:47:16Z" finished-at="2018-03-29T11:47:16Z">
          <reporter-output>
          </reporter-output>
        </test-method> <!-- isEmployeeSsnUnique -->
        <test-method status="PASS" signature="findEmployeeBySsn()[pri:0, instance:com.websystique.springmvc.service.EmployeeServiceImplTest@6895a785]" name="findEmployeeBySsn" duration-ms="0" started-at="2018-03-29T11:47:16Z" finished-at="2018-03-29T11:47:16Z">
          <reporter-output>
          </reporter-output>
        </test-method> <!-- findEmployeeBySsn -->
        <test-method status="PASS" signature="saveEmployee()[pri:0, instance:com.websystique.springmvc.service.EmployeeServiceImplTest@6895a785]" name="saveEmployee" duration-ms="1" started-at="2018-03-29T11:47:16Z" finished-at="2018-03-29T11:47:16Z">
          <reporter-output>
          </reporter-output>
        </test-method> <!-- saveEmployee -->
        <test-method status="PASS" signature="updateEmployee()[pri:0, instance:com.websystique.springmvc.service.EmployeeServiceImplTest@6895a785]" name="updateEmployee" duration-ms="0" started-at="2018-03-29T11:47:16Z" finished-at="2018-03-29T11:47:16Z">
          <reporter-output>
          </reporter-output>
        </test-method> <!-- updateEmployee -->
      </class> <!-- com.websystique.springmvc.service.EmployeeServiceImplTest -->
      <class name="com.websystique.springmvc.dao.EmployeeDaoImplTest">
        <test-method status="PASS" signature="springTestContextBeforeTestClass()[pri:0, instance:com.websystique.springmvc.dao.EmployeeDaoImplTest@694e1548]" name="springTestContextBeforeTestClass" is-config="true" duration-ms="1" started-at="2018-03-29T11:47:15Z" finished-at="2018-03-29T11:47:15Z">
          <reporter-output>
          </reporter-output>
        </test-method> <!-- springTestContextBeforeTestClass -->
        <test-method status="PASS" signature="springTestContextPrepareTestInstance()[pri:0, instance:com.websystique.springmvc.dao.EmployeeDaoImplTest@694e1548]" name="springTestContextPrepareTestInstance" is-config="true" duration-ms="861" started-at="2018-03-29T11:47:15Z" depends-on-methods="org.springframework.test.context.testng.AbstractTestNGSpringContextTests.springTestContextBeforeTestClass" finished-at="2018-03-29T11:47:16Z">
          <reporter-output>
          </reporter-output>
        </test-method> <!-- springTestContextPrepareTestInstance -->
        <test-method status="PASS" signature="springTestContextBeforeTestMethod(java.lang.reflect.Method)[pri:0, instance:com.websystique.springmvc.dao.EmployeeDaoImplTest@694e1548]" name="springTestContextBeforeTestMethod" is-config="true" duration-ms="32" started-at="2018-03-29T11:47:16Z" finished-at="2018-03-29T11:47:16Z">
          <params>
            <param index="0">
              <value>
                <![CDATA[public void com.websystique.springmvc.dao.EmployeeDaoImplTest.deleteEmployeeByInvalidSsn()]]>
              </value>
            </param>
          </params>
          <reporter-output>
          </reporter-output>
        </test-method> <!-- springTestContextBeforeTestMethod -->
        <test-method status="PASS" signature="setUp()[pri:0, instance:com.websystique.springmvc.dao.EmployeeDaoImplTest@694e1548]" name="setUp" is-config="true" duration-ms="81" started-at="2018-03-29T11:47:16Z" finished-at="2018-03-29T11:47:16Z">
          <reporter-output>
          </reporter-output>
        </test-method> <!-- setUp -->
        <test-method status="PASS" signature="deleteEmployeeByInvalidSsn()[pri:0, instance:com.websystique.springmvc.dao.EmployeeDaoImplTest@694e1548]" name="deleteEmployeeByInvalidSsn" duration-ms="49" started-at="2018-03-29T11:47:16Z" finished-at="2018-03-29T11:47:16Z">
          <reporter-output>
          </reporter-output>
        </test-method> <!-- deleteEmployeeByInvalidSsn -->
        <test-method status="PASS" signature="springTestContextAfterTestMethod(java.lang.reflect.Method)[pri:0, instance:com.websystique.springmvc.dao.EmployeeDaoImplTest@694e1548]" name="springTestContextAfterTestMethod" is-config="true" duration-ms="4" started-at="2018-03-29T11:47:16Z" finished-at="2018-03-29T11:47:16Z">
          <params>
            <param index="0">
              <value>
                <![CDATA[public void com.websystique.springmvc.dao.EmployeeDaoImplTest.deleteEmployeeByInvalidSsn()]]>
              </value>
            </param>
          </params>
          <reporter-output>
          </reporter-output>
        </test-method> <!-- springTestContextAfterTestMethod -->
        <test-method status="PASS" signature="springTestContextBeforeTestMethod(java.lang.reflect.Method)[pri:0, instance:com.websystique.springmvc.dao.EmployeeDaoImplTest@694e1548]" name="springTestContextBeforeTestMethod" is-config="true" duration-ms="2" started-at="2018-03-29T11:47:16Z" finished-at="2018-03-29T11:47:16Z">
          <params>
            <param index="0">
              <value>
                <![CDATA[public void com.websystique.springmvc.dao.EmployeeDaoImplTest.deleteEmployeeBySsn()]]>
              </value>
            </param>
          </params>
          <reporter-output>
          </reporter-output>
        </test-method> <!-- springTestContextBeforeTestMethod -->
        <test-method status="PASS" signature="setUp()[pri:0, instance:com.websystique.springmvc.dao.EmployeeDaoImplTest@694e1548]" name="setUp" is-config="true" duration-ms="6" started-at="2018-03-29T11:47:16Z" finished-at="2018-03-29T11:47:16Z">
          <reporter-output>
          </reporter-output>
        </test-method> <!-- setUp -->
        <test-method status="PASS" signature="deleteEmployeeBySsn()[pri:0, instance:com.websystique.springmvc.dao.EmployeeDaoImplTest@694e1548]" name="deleteEmployeeBySsn" duration-ms="2" started-at="2018-03-29T11:47:16Z" finished-at="2018-03-29T11:47:16Z">
          <reporter-output>
          </reporter-output>
        </test-method> <!-- deleteEmployeeBySsn -->
        <test-method status="PASS" signature="springTestContextAfterTestMethod(java.lang.reflect.Method)[pri:0, instance:com.websystique.springmvc.dao.EmployeeDaoImplTest@694e1548]" name="springTestContextAfterTestMethod" is-config="true" duration-ms="3" started-at="2018-03-29T11:47:16Z" finished-at="2018-03-29T11:47:16Z">
          <params>
            <param index="0">
              <value>
                <![CDATA[public void com.websystique.springmvc.dao.EmployeeDaoImplTest.deleteEmployeeBySsn()]]>
              </value>
            </param>
          </params>
          <reporter-output>
          </reporter-output>
        </test-method> <!-- springTestContextAfterTestMethod -->
        <test-method status="PASS" signature="springTestContextBeforeTestMethod(java.lang.reflect.Method)[pri:0, instance:com.websystique.springmvc.dao.EmployeeDaoImplTest@694e1548]" name="springTestContextBeforeTestMethod" is-config="true" duration-ms="1" started-at="2018-03-29T11:47:16Z" finished-at="2018-03-29T11:47:16Z">
          <params>
            <param index="0">
              <value>
                <![CDATA[public void com.websystique.springmvc.dao.EmployeeDaoImplTest.findAllEmployees()]]>
              </value>
            </param>
          </params>
          <reporter-output>
          </reporter-output>
        </test-method> <!-- springTestContextBeforeTestMethod -->
        <test-method status="PASS" signature="setUp()[pri:0, instance:com.websystique.springmvc.dao.EmployeeDaoImplTest@694e1548]" name="setUp" is-config="true" duration-ms="7" started-at="2018-03-29T11:47:16Z" finished-at="2018-03-29T11:47:16Z">
          <reporter-output>
          </reporter-output>
        </test-method> <!-- setUp -->
        <test-method status="PASS" signature="findAllEmployees()[pri:0, instance:com.websystique.springmvc.dao.EmployeeDaoImplTest@694e1548]" name="findAllEmployees" duration-ms="1" started-at="2018-03-29T11:47:16Z" finished-at="2018-03-29T11:47:16Z">
          <reporter-output>
          </reporter-output>
        </test-method> <!-- findAllEmployees -->
        <test-method status="PASS" signature="springTestContextAfterTestMethod(java.lang.reflect.Method)[pri:0, instance:com.websystique.springmvc.dao.EmployeeDaoImplTest@694e1548]" name="springTestContextAfterTestMethod" is-config="true" duration-ms="2" started-at="2018-03-29T11:47:16Z" finished-at="2018-03-29T11:47:16Z">
          <params>
            <param index="0">
              <value>
                <![CDATA[public void com.websystique.springmvc.dao.EmployeeDaoImplTest.findAllEmployees()]]>
              </value>
            </param>
          </params>
          <reporter-output>
          </reporter-output>
        </test-method> <!-- springTestContextAfterTestMethod -->
        <test-method status="PASS" signature="springTestContextBeforeTestMethod(java.lang.reflect.Method)[pri:0, instance:com.websystique.springmvc.dao.EmployeeDaoImplTest@694e1548]" name="springTestContextBeforeTestMethod" is-config="true" duration-ms="1" started-at="2018-03-29T11:47:16Z" finished-at="2018-03-29T11:47:16Z">
          <params>
            <param index="0">
              <value>
                <![CDATA[public void com.websystique.springmvc.dao.EmployeeDaoImplTest.findById()]]>
              </value>
            </param>
          </params>
          <reporter-output>
          </reporter-output>
        </test-method> <!-- springTestContextBeforeTestMethod -->
        <test-method status="PASS" signature="setUp()[pri:0, instance:com.websystique.springmvc.dao.EmployeeDaoImplTest@694e1548]" name="setUp" is-config="true" duration-ms="6" started-at="2018-03-29T11:47:16Z" finished-at="2018-03-29T11:47:16Z">
          <reporter-output>
          </reporter-output>
        </test-method> <!-- setUp -->
        <test-method status="PASS" signature="findById()[pri:0, instance:com.websystique.springmvc.dao.EmployeeDaoImplTest@694e1548]" name="findById" duration-ms="5" started-at="2018-03-29T11:47:16Z" finished-at="2018-03-29T11:47:16Z">
          <reporter-output>
          </reporter-output>
        </test-method> <!-- findById -->
        <test-method status="PASS" signature="springTestContextAfterTestMethod(java.lang.reflect.Method)[pri:0, instance:com.websystique.springmvc.dao.EmployeeDaoImplTest@694e1548]" name="springTestContextAfterTestMethod" is-config="true" duration-ms="1" started-at="2018-03-29T11:47:16Z" finished-at="2018-03-29T11:47:16Z">
          <params>
            <param index="0">
              <value>
                <![CDATA[public void com.websystique.springmvc.dao.EmployeeDaoImplTest.findById()]]>
              </value>
            </param>
          </params>
          <reporter-output>
          </reporter-output>
        </test-method> <!-- springTestContextAfterTestMethod -->
        <test-method status="PASS" signature="springTestContextBeforeTestMethod(java.lang.reflect.Method)[pri:0, instance:com.websystique.springmvc.dao.EmployeeDaoImplTest@694e1548]" name="springTestContextBeforeTestMethod" is-config="true" duration-ms="1" started-at="2018-03-29T11:47:16Z" finished-at="2018-03-29T11:47:16Z">
          <params>
            <param index="0">
              <value>
                <![CDATA[public void com.websystique.springmvc.dao.EmployeeDaoImplTest.findEmployeeBySsn()]]>
              </value>
            </param>
          </params>
          <reporter-output>
          </reporter-output>
        </test-method> <!-- springTestContextBeforeTestMethod -->
        <test-method status="PASS" signature="setUp()[pri:0, instance:com.websystique.springmvc.dao.EmployeeDaoImplTest@694e1548]" name="setUp" is-config="true" duration-ms="5" started-at="2018-03-29T11:47:16Z" finished-at="2018-03-29T11:47:16Z">
          <reporter-output>
          </reporter-output>
        </test-method> <!-- setUp -->
        <test-method status="PASS" signature="findEmployeeBySsn()[pri:0, instance:com.websystique.springmvc.dao.EmployeeDaoImplTest@694e1548]" name="findEmployeeBySsn" duration-ms="7" started-at="2018-03-29T11:47:16Z" finished-at="2018-03-29T11:47:16Z">
          <reporter-output>
          </reporter-output>
        </test-method> <!-- findEmployeeBySsn -->
        <test-method status="PASS" signature="springTestContextAfterTestMethod(java.lang.reflect.Method)[pri:0, instance:com.websystique.springmvc.dao.EmployeeDaoImplTest@694e1548]" name="springTestContextAfterTestMethod" is-config="true" duration-ms="1" started-at="2018-03-29T11:47:16Z" finished-at="2018-03-29T11:47:16Z">
          <params>
            <param index="0">
              <value>
                <![CDATA[public void com.websystique.springmvc.dao.EmployeeDaoImplTest.findEmployeeBySsn()]]>
              </value>
            </param>
          </params>
          <reporter-output>
          </reporter-output>
        </test-method> <!-- springTestContextAfterTestMethod -->
        <test-method status="PASS" signature="springTestContextBeforeTestMethod(java.lang.reflect.Method)[pri:0, instance:com.websystique.springmvc.dao.EmployeeDaoImplTest@694e1548]" name="springTestContextBeforeTestMethod" is-config="true" duration-ms="1" started-at="2018-03-29T11:47:16Z" finished-at="2018-03-29T11:47:16Z">
          <params>
            <param index="0">
              <value>
                <![CDATA[public void com.websystique.springmvc.dao.EmployeeDaoImplTest.saveEmployee()]]>
              </value>
            </param>
          </params>
          <reporter-output>
          </reporter-output>
        </test-method> <!-- springTestContextBeforeTestMethod -->
        <test-method status="PASS" signature="setUp()[pri:0, instance:com.websystique.springmvc.dao.EmployeeDaoImplTest@694e1548]" name="setUp" is-config="true" duration-ms="6" started-at="2018-03-29T11:47:16Z" finished-at="2018-03-29T11:47:16Z">
          <reporter-output>
          </reporter-output>
        </test-method> <!-- setUp -->
        <test-method status="PASS" signature="saveEmployee()[pri:0, instance:com.websystique.springmvc.dao.EmployeeDaoImplTest@694e1548]" name="saveEmployee" duration-ms="11" started-at="2018-03-29T11:47:16Z" finished-at="2018-03-29T11:47:16Z">
          <reporter-output>
          </reporter-output>
        </test-method> <!-- saveEmployee -->
        <test-method status="PASS" signature="springTestContextAfterTestMethod(java.lang.reflect.Method)[pri:0, instance:com.websystique.springmvc.dao.EmployeeDaoImplTest@694e1548]" name="springTestContextAfterTestMethod" is-config="true" duration-ms="1" started-at="2018-03-29T11:47:16Z" finished-at="2018-03-29T11:47:16Z">
          <params>
            <param index="0">
              <value>
                <![CDATA[public void com.websystique.springmvc.dao.EmployeeDaoImplTest.saveEmployee()]]>
              </value>
            </param>
          </params>
          <reporter-output>
          </reporter-output>
        </test-method> <!-- springTestContextAfterTestMethod -->
        <test-method status="PASS" signature="springTestContextAfterTestClass()[pri:0, instance:com.websystique.springmvc.dao.EmployeeDaoImplTest@694e1548]" name="springTestContextAfterTestClass" is-config="true" duration-ms="0" started-at="2018-03-29T11:47:16Z" finished-at="2018-03-29T11:47:16Z">
          <reporter-output>
          </reporter-output>
        </test-method> <!-- springTestContextAfterTestClass -->
      </class> <!-- com.websystique.springmvc.dao.EmployeeDaoImplTest -->
    </test> <!-- Command line test -->
  </suite> <!-- Command line suite -->
</testng-results>
